Determining if the pthread_create exist failed with the following output:
Change Dir: /home/rock/catkin_ws/build/CMakeFiles/CMakeTmp

Run Build Command:"/usr/bin/make" "cmTC_a2e15/fast"
/usr/bin/make -f CMakeFiles/cmTC_a2e15.dir/build.make CMakeFiles/cmTC_a2e15.dir/build
make[1]: Entering directory '/home/rock/catkin_ws/build/CMakeFiles/CMakeTmp'
Building C object CMakeFiles/cmTC_a2e15.dir/CheckSymbolExists.c.o
/usr/bin/cc     -o CMakeFiles/cmTC_a2e15.dir/CheckSymbolExists.c.o   -c /home/rock/catkin_ws/build/CMakeFiles/CMakeTmp/CheckSymbolExists.c
Linking C executable cmTC_a2e15
/usr/bin/cmake -E cmake_link_script CMakeFiles/cmTC_a2e15.dir/link.txt --verbose=1
/usr/bin/cc       CMakeFiles/cmTC_a2e15.dir/CheckSymbolExists.c.o  -o cmTC_a2e15 -rdynamic 
CMakeFiles/cmTC_a2e15.dir/CheckSymbolExists.c.o: In function `main':
CheckSymbolExists.c:(.text+0x14): undefined reference to `pthread_create'
CheckSymbolExists.c:(.text+0x18): undefined reference to `pthread_create'
collect2: error: ld returned 1 exit status
CMakeFiles/cmTC_a2e15.dir/build.make:97: recipe for target 'cmTC_a2e15' failed
make[1]: *** [cmTC_a2e15] Error 1
make[1]: Leaving directory '/home/rock/catkin_ws/build/CMakeFiles/CMakeTmp'
Makefile:126: recipe for target 'cmTC_a2e15/fast' failed
make: *** [cmTC_a2e15/fast] Error 2

File /home/rock/catkin_ws/build/CMakeFiles/CMakeTmp/CheckSymbolExists.c:
/* */
#include <pthread.h>

int main(int argc, char** argv)
{
  (void)argv;
#ifndef pthread_create
  return ((int*)(&pthread_create))[argc];
#else
  (void)argc;
  return 0;
#endif
}

Determining if the function pthread_create exists in the pthreads failed with the following output:
Change Dir: /home/rock/catkin_ws/build/CMakeFiles/CMakeTmp

Run Build Command:"/usr/bin/make" "cmTC_58bbf/fast"
/usr/bin/make -f CMakeFiles/cmTC_58bbf.dir/build.make CMakeFiles/cmTC_58bbf.dir/build
make[1]: Entering directory '/home/rock/catkin_ws/build/CMakeFiles/CMakeTmp'
Building C object CMakeFiles/cmTC_58bbf.dir/CheckFunctionExists.c.o
/usr/bin/cc    -DCHECK_FUNCTION_EXISTS=pthread_create   -o CMakeFiles/cmTC_58bbf.dir/CheckFunctionExists.c.o   -c /usr/share/cmake-3.5/Modules/CheckFunctionExists.c
Linking C executable cmTC_58bbf
/usr/bin/cmake -E cmake_link_script CMakeFiles/cmTC_58bbf.dir/link.txt --verbose=1
/usr/bin/cc   -DCHECK_FUNCTION_EXISTS=pthread_create    CMakeFiles/cmTC_58bbf.dir/CheckFunctionExists.c.o  -o cmTC_58bbf -rdynamic -lpthreads 
/usr/bin/ld: cannot find -lpthreads
collect2: error: ld returned 1 exit status
CMakeFiles/cmTC_58bbf.dir/build.make:97: recipe for target 'cmTC_58bbf' failed
make[1]: *** [cmTC_58bbf] Error 1
make[1]: Leaving directory '/home/rock/catkin_ws/build/CMakeFiles/CMakeTmp'
Makefile:126: recipe for target 'cmTC_58bbf/fast' failed
make: *** [cmTC_58bbf/fast] Error 2


